<?xml version="1.0" encoding="UTF-8"?>
<!-- Generated by org.testng.reporters.JUnitReportReporter -->
<testsuite hostname="USER-4" failures="0" tests="1" name="testcases.RestAssured_TestCases_PL2" time="4.045" errors="0" timestamp="2024-11-13T16:31:37 IST" skipped="0">
  <testcase classname="testcases.RestAssured_TestCases_PL2" name="EditDepartment" time="4.045"/>
</testsuite> <!-- testcases.RestAssured_TestCases_PL2 -->
